0 info it worked if it ends with ok
1 verbose cli [ '/Users/giancarlos/.nvm/versions/node/v6.11.5/bin/node',
1 verbose cli   '/Users/giancarlos/.nvm/versions/node/v6.11.5/bin/npm',
1 verbose cli   'run',
1 verbose cli   'cm' ]
2 info using npm@3.10.10
3 info using node@v6.11.5
4 verbose run-script [ 'precm', 'cm', 'postcm' ]
5 info lifecycle gio-scripts@0.0.0-development~precm: gio-scripts@0.0.0-development
6 silly lifecycle gio-scripts@0.0.0-development~precm: no script for precm, continuing
7 info lifecycle gio-scripts@0.0.0-development~cm: gio-scripts@0.0.0-development
8 verbose lifecycle gio-scripts@0.0.0-development~cm: unsafe-perm in lifecycle true
9 verbose lifecycle gio-scripts@0.0.0-development~cm: PATH: /Users/giancarlos/.nvm/versions/node/v6.11.5/lib/node_modules/npm/bin/node-gyp-bin:/Users/giancarlos/Documents/npm-projects/gio-scripts/node_modules/.bin:/Library/PostgreSQL/10/bin/:/Users/giancarlos/.nvm/versions/node/v6.11.5/bin:/usr/local/bin:/usr/bin:/bin:/usr/sbin:/sbin
10 verbose lifecycle gio-scripts@0.0.0-development~cm: CWD: /Users/giancarlos/Documents/npm-projects/gio-scripts
11 silly lifecycle gio-scripts@0.0.0-development~cm: Args: [ '-c', 'npx git cz' ]
12 silly lifecycle gio-scripts@0.0.0-development~cm: Returned: code: 1  signal: null
13 info lifecycle gio-scripts@0.0.0-development~cm: Failed to exec cm script
14 verbose stack Error: gio-scripts@0.0.0-development cm: `npx git cz`
14 verbose stack Exit status 1
14 verbose stack     at EventEmitter.<anonymous> (/Users/giancarlos/.nvm/versions/node/v6.11.5/lib/node_modules/npm/lib/utils/lifecycle.js:255:16)
14 verbose stack     at emitTwo (events.js:106:13)
14 verbose stack     at EventEmitter.emit (events.js:191:7)
14 verbose stack     at ChildProcess.<anonymous> (/Users/giancarlos/.nvm/versions/node/v6.11.5/lib/node_modules/npm/lib/utils/spawn.js:40:14)
14 verbose stack     at emitTwo (events.js:106:13)
14 verbose stack     at ChildProcess.emit (events.js:191:7)
14 verbose stack     at maybeClose (internal/child_process.js:920:16)
14 verbose stack     at Process.ChildProcess._handle.onexit (internal/child_process.js:230:5)
15 verbose pkgid gio-scripts@0.0.0-development
16 verbose cwd /Users/giancarlos/Documents/npm-projects/gio-scripts
17 error Darwin 17.4.0
18 error argv "/Users/giancarlos/.nvm/versions/node/v6.11.5/bin/node" "/Users/giancarlos/.nvm/versions/node/v6.11.5/bin/npm" "run" "cm"
19 error node v6.11.5
20 error npm  v3.10.10
21 error code ELIFECYCLE
22 error gio-scripts@0.0.0-development cm: `npx git cz`
22 error Exit status 1
23 error Failed at the gio-scripts@0.0.0-development cm script 'npx git cz'.
23 error Make sure you have the latest version of node.js and npm installed.
23 error If you do, this is most likely a problem with the gio-scripts package,
23 error not with npm itself.
23 error Tell the author that this fails on your system:
23 error     npx git cz
23 error You can get information on how to open an issue for this project with:
23 error     npm bugs gio-scripts
23 error Or if that isn't available, you can get their info via:
23 error     npm owner ls gio-scripts
23 error There is likely additional logging output above.
24 verbose exit [ 1, true ]
